c:\users\alex\documents\github\icarus\icarus\debug\icarus.pch
c:\users\alex\documents\github\icarus\icarus\debug\vc140.pdb
c:\users\alex\documents\github\icarus\icarus\debug\vc140.idb
c:\users\alex\documents\github\icarus\icarus\debug\stdafx.obj
c:\users\alex\documents\github\icarus\icarus\debug\sessionconnection.obj
c:\users\alex\documents\github\icarus\icarus\debug\icarus.obj
c:\users\alex\documents\github\icarus\icarus\debug\session.obj
c:\users\alex\documents\github\icarus\icarus\debug\networkconnection.obj
c:\users\alex\documents\github\icarus\icarus\debug\networkserver.obj
c:\users\alex\documents\github\icarus\icarus\debug\main.obj
c:\users\alex\documents\github\icarus\icarus\debug\sessionmanager.obj
c:\users\alex\documents\github\icarus\icarus\debug\networkconnection.obj.enc
c:\users\alex\documents\github\icarus\debug\icarus.pdb
c:\users\alex\documents\github\icarus\icarus\debug\icarus.tlog\cl.command.1.tlog
c:\users\alex\documents\github\icarus\icarus\debug\icarus.tlog\cl.read.1.tlog
c:\users\alex\documents\github\icarus\icarus\debug\icarus.tlog\cl.write.1.tlog
c:\users\alex\documents\github\icarus\icarus\debug\icarus.tlog\link-cvtres.read.1.tlog
c:\users\alex\documents\github\icarus\icarus\debug\icarus.tlog\link-cvtres.write.1.tlog
c:\users\alex\documents\github\icarus\icarus\debug\icarus.tlog\link-rc.read.1.tlog
c:\users\alex\documents\github\icarus\icarus\debug\icarus.tlog\link-rc.write.1.tlog
c:\users\alex\documents\github\icarus\icarus\debug\icarus.tlog\link.5192-cvtres.read.1.tlog
c:\users\alex\documents\github\icarus\icarus\debug\icarus.tlog\link.5192-cvtres.write.1.tlog
c:\users\alex\documents\github\icarus\icarus\debug\icarus.tlog\link.5192-rc.read.1.tlog
c:\users\alex\documents\github\icarus\icarus\debug\icarus.tlog\link.5192-rc.write.1.tlog
c:\users\alex\documents\github\icarus\icarus\debug\icarus.tlog\link.5192.read.1.tlog
c:\users\alex\documents\github\icarus\icarus\debug\icarus.tlog\link.5192.write.1.tlog
c:\users\alex\documents\github\icarus\icarus\debug\icarus.tlog\link.command.1.tlog
c:\users\alex\documents\github\icarus\icarus\debug\icarus.tlog\link.read.1.tlog
c:\users\alex\documents\github\icarus\icarus\debug\icarus.tlog\link.write.1.tlog
